<?xml version="1.0" encoding="UTF-8"?>
<!-- Generated by org.testng.reporters.JUnitReportReporter -->
<testsuite hostname="DESKTOP-FI4O0BT" failures="0" tests="2" name="TestLayer.AdminPageTest" time="7.685" errors="0" timestamp="2021-05-21T19:30:15 IST" skipped="0">
  <testcase classname="TestLayer.AdminPageTest" name="adminVerify" time="3.911"/>
  <system-out/>
  <testcase classname="TestLayer.AdminPageTest" name="userinfoVerify" time="3.774"/>
  <system-out/>
</testsuite> <!-- TestLayer.AdminPageTest -->
