<?xml version="1.0" encoding="UTF-8"?>
<!-- Generated by org.testng.reporters.JUnitReportReporter -->
<testsuite hostname="DESKTOP-FI4O0BT" failures="0" tests="2" name="TestLayer.HomePageTest" time="40.987" errors="0" timestamp="2021-05-19T14:53:48 IST" skipped="0">
  <testcase classname="TestLayer.HomePageTest" name="VerifyLogo" time="26.271"/>
  <system-out/>
  <testcase classname="TestLayer.HomePageTest" name="VerifyTitle" time="14.716"/>
  <system-out/>
</testsuite> <!-- TestLayer.HomePageTest -->
