<?xml version="1.0" encoding="UTF-8"?>
<!-- Generated by org.testng.reporters.JUnitReportReporter -->
<testsuite hostname="DESKTOP-FI4O0BT" failures="0" tests="1" name="TestLayer.LoginTest" time="16.211" errors="0" timestamp="2021-05-19T13:12:27 IST" skipped="0">
  <testcase classname="TestLayer.LoginTest" name="LoginPageFunctionality" time="16.211"/>
  <system-out/>
</testsuite> <!-- TestLayer.LoginTest -->
